<?xml version="1.0" encoding="UTF-8"?>
<testng-results ignored="0" total="1" passed="1" failed="0" skipped="0">
  <reporter-output>
  </reporter-output>
  <suite started-at="2022-07-14T01:48:14 BDT" name="Default suite" finished-at="2022-07-14T01:49:24 BDT" duration-ms="69630">
    <groups>
    </groups>
    <test started-at="2022-07-14T01:48:14 BDT" name="Default test" finished-at="2022-07-14T01:49:24 BDT" duration-ms="69630">
      <class name="automation.gico.EbayTestCase">
        <test-method is-config="true" signature="launchBrowser()[pri:0, instance:automation.gico.EbayTestCase@7e7be63f]" started-at="2022-07-14T01:48:14 BDT" name="launchBrowser" finished-at="2022-07-14T01:48:36 BDT" duration-ms="21492" status="PASS">
          <reporter-output>
          </reporter-output>
        </test-method> <!-- launchBrowser -->
        <test-method signature="testCase1()[pri:0, instance:automation.gico.EbayTestCase@7e7be63f]" started-at="2022-07-14T01:48:36 BDT" name="testCase1" finished-at="2022-07-14T01:49:22 BDT" duration-ms="46587" status="PASS">
          <reporter-output>
          </reporter-output>
        </test-method> <!-- testCase1 -->
        <test-method is-config="true" signature="closeSession()[pri:0, instance:automation.gico.EbayTestCase@7e7be63f]" started-at="2022-07-14T01:49:22 BDT" name="closeSession" finished-at="2022-07-14T01:49:24 BDT" duration-ms="1479" status="PASS">
          <reporter-output>
          </reporter-output>
        </test-method> <!-- closeSession -->
      </class> <!-- automation.gico.EbayTestCase -->
    </test> <!-- Default test -->
  </suite> <!-- Default suite -->
</testng-results>
